<?xml version="1.0" encoding="UTF-8"?>
<!-- Generated by org.testng.reporters.JUnitXMLReporter -->
<testsuite ignored="5" hostname="DESKTOP-LOTSCU6" failures="0" tests="1" name="Test" time="60.419" errors="0" timestamp="2024-08-14T18:17:07 IST">
  <testcase classname="AmazonTestCases.TestCases" name="TC06" time="46.695"/>
  <testcase classname="AmazonTestCases.TestCases" name="TC01" time="0.0">
    <ignored/>
  </testcase> <!-- TC01 -->
  <testcase classname="AmazonTestCases.TestCases" name="TC02" time="0.0">
    <ignored/>
  </testcase> <!-- TC02 -->
  <testcase classname="AmazonTestCases.TestCases" name="TC03" time="0.0">
    <ignored/>
  </testcase> <!-- TC03 -->
  <testcase classname="AmazonTestCases.TestCases" name="TC04" time="0.0">
    <ignored/>
  </testcase> <!-- TC04 -->
  <testcase classname="AmazonTestCases.TestCases" name="TC05" time="0.0">
    <ignored/>
  </testcase> <!-- TC05 -->
</testsuite> <!-- Test -->
